===== Week10 DVC repro check =====
2026年 05月 13日 星期三 13:36:21 CST
aurora-Super-Server
/home/GRT/work/audio_engineering_repo_skeleton_v1

===== git state before repro =====
0	0
## main...origin/main
?? scripts/week10_repro_dvc.sh
14591a8 (HEAD -> main, origin/main) docs(mainbase): add week10 artifact provenance evidence
a02f582 docs(mainbase): verify week10 dvc tracking scope
a359c1a build(mainbase): add week10 dvc ort evidence stage
1789458 docs(mainbase): start week10 experiment tracking design
789f405 docs(mainbase): close week09 summary

===== dvc command availability =====
3.67.1

===== dvc status =====
Data and pipelines are up to date.

===== dvc repro week10_ort_evidence =====
Stage 'week10_ort_evidence' didn't change, skipping
Data and pipelines are up to date.

===== dvc metrics show =====
Path                                                   week10_ort_evidence.benchmark_mean_p50_ms    week10_ort_evidence.benchmark_mean_p95_ms    week10_ort_evidence.benchmark_ok_samples    week10_ort_evidence.benchmark_samples    week10_ort_evidence.benchmark_throughput_samples_per_sec    week10_ort_evidence.profile_numeric_field_count    week10_ort_evidence.runtime_best_mean_ms    week10_ort_evidence.runtime_best_p50_ms    week10_ort_evidence.runtime_best_p95_ms    week10_ort_evidence.runtime_best_throughput_samples_per_sec
artifacts/benchmarks/week10_ort_evidence_metrics.json  14.8277                                      15.4098                                      10                                          10                                       67.879                                                      30                                                 13.026                                      12.9175                                    13.9046                                    76.7698

===== evidence files after repro =====
OK      artifacts/benchmarks/week10_ort_evidence_metrics.json
OK      artifacts/benchmarks/week10_ort_evidence_manifest.json
OK      artifacts/logs/week10_dvc_ort_evidence_20260511.log

===== git state after repro =====
## main...origin/main
?? artifacts/logs/week10_dvc_repro_20260514.log
?? scripts/week10_repro_dvc.sh

===== DONE =====
