 Image compose-api Building 
#1 [internal] load local bake definitions
#1 reading from stdin 545B done
#1 DONE 0.0s

#2 [internal] load build definition from Dockerfile
#2 transferring dockerfile: 1.34kB done
#2 DONE 0.1s

#3 [internal] load metadata for docker.io/library/python:3.10-slim
#3 DONE 0.0s

#4 [internal] load .dockerignore
#4 transferring context: 240B done
#4 DONE 0.0s

#5 [ 1/14] FROM docker.io/library/python:3.10-slim
#5 DONE 0.0s

#6 [ 2/14] WORKDIR /workspace
#6 CACHED

#7 [ 3/14] RUN apt-get -o Acquire::Retries=5 update &&     apt-get -o Acquire::Retries=5 install -y --no-install-recommends     bash     ffmpeg     libsndfile1 &&     rm -rf /var/lib/apt/lists/*
#7 CACHED

#8 [internal] load build context
#8 transferring context: 153.84kB 0.1s done
#8 DONE 0.2s

#9 [ 4/14] RUN python -m pip install --upgrade pip &&     pip install       fastapi       uvicorn       numpy       pyyaml       soundfile       librosa       tqdm       tensorboard       onnx       onnxruntime       onnxscript       torch       torchaudio       torchcodec
#9 5.171 Requirement already satisfied: pip in /usr/local/lib/python3.10/site-packages (23.0.1)
#9 5.628 Collecting pip
#9 7.803   Downloading pip-26.0.1-py3-none-any.whl (1.8 MB)
#9 8.061      ━━━━━━━━━━━━━━━━━━━━━━━━━━━━━━━━━━━━━━━━ 1.8/1.8 MB 7.1 MB/s eta 0:00:00
#9 8.174 Installing collected packages: pip
#9 8.174   Attempting uninstall: pip
#9 8.175     Found existing installation: pip 23.0.1
#9 8.333     Uninstalling pip-23.0.1:
#9 8.881       Successfully uninstalled pip-23.0.1
#9 9.794 Successfully installed pip-26.0.1
#9 9.794 WARNING: Running pip as the 'root' user can result in broken permissions and conflicting behaviour with the system package manager. It is recommended to use a virtual environment instead: https://pip.pypa.io/warnings/venv
#9 11.38 Collecting fastapi
#9 11.61   Downloading fastapi-0.135.2-py3-none-any.whl.metadata (28 kB)
#9 11.69 Collecting uvicorn
#9 11.74   Downloading uvicorn-0.42.0-py3-none-any.whl.metadata (6.7 kB)
#9 12.09 Collecting numpy
#9 12.13   Downloading numpy-2.2.6-cp310-cp310-manylinux_2_17_x86_64.manylinux2014_x86_64.whl.metadata (62 kB)
#9 12.22 Collecting pyyaml
#9 12.26   Downloading pyyaml-6.0.3-cp310-cp310-manylinux2014_x86_64.manylinux_2_17_x86_64.manylinux_2_28_x86_64.whl.metadata (2.4 kB)
#9 12.32 Collecting soundfile
#9 12.37   Downloading soundfile-0.13.1-py2.py3-none-manylinux_2_28_x86_64.whl.metadata (16 kB)
#9 12.43 Collecting librosa
#9 12.47   Downloading librosa-0.11.0-py3-none-any.whl.metadata (8.7 kB)
#9 12.55 Collecting tqdm
#9 12.59   Downloading tqdm-4.67.3-py3-none-any.whl.metadata (57 kB)
#9 12.67 Collecting tensorboard
#9 12.71   Downloading tensorboard-2.20.0-py3-none-any.whl.metadata (1.8 kB)
#9 12.99 Collecting onnx
#9 13.03   Downloading onnx-1.20.1-cp310-cp310-manylinux_2_27_x86_64.manylinux_2_28_x86_64.whl.metadata (8.4 kB)
#9 13.30 Collecting onnxruntime
#9 13.35   Downloading onnxruntime-1.23.2-cp310-cp310-manylinux_2_27_x86_64.manylinux_2_28_x86_64.whl.metadata (5.1 kB)
#9 13.60 Collecting onnxscript
#9 13.65   Downloading onnxscript-0.6.2-py3-none-any.whl.metadata (13 kB)
#9 13.75 Collecting torch
#9 13.79   Downloading torch-2.11.0-cp310-cp310-manylinux_2_28_x86_64.whl.metadata (29 kB)
#9 13.90 Collecting torchaudio
#9 13.94   Downloading torchaudio-2.11.0-cp310-cp310-manylinux_2_28_x86_64.whl.metadata (6.9 kB)
#9 14.01 Collecting torchcodec
#9 14.05   Downloading torchcodec-0.11.0-cp310-cp310-manylinux_2_28_x86_64.whl.metadata (11 kB)
#9 14.12 Collecting starlette>=0.46.0 (from fastapi)
#9 14.16   Downloading starlette-1.0.0-py3-none-any.whl.metadata (6.3 kB)
#9 14.42 Collecting pydantic>=2.9.0 (from fastapi)
#9 14.46   Downloading pydantic-2.12.5-py3-none-any.whl.metadata (90 kB)
#9 14.53 Collecting typing-extensions>=4.8.0 (from fastapi)
#9 14.57   Downloading typing_extensions-4.15.0-py3-none-any.whl.metadata (3.3 kB)
#9 14.63 Collecting typing-inspection>=0.4.2 (from fastapi)
#9 14.68   Downloading typing_inspection-0.4.2-py3-none-any.whl.metadata (2.6 kB)
#9 14.72 Collecting annotated-doc>=0.0.2 (from fastapi)
#9 14.76   Downloading annotated_doc-0.0.4-py3-none-any.whl.metadata (6.6 kB)
#9 14.83 Collecting click>=7.0 (from uvicorn)
#9 14.87   Downloading click-8.3.1-py3-none-any.whl.metadata (2.6 kB)
#9 14.92 Collecting h11>=0.8 (from uvicorn)
#9 14.96   Downloading h11-0.16.0-py3-none-any.whl.metadata (8.3 kB)
#9 15.26 Collecting cffi>=1.0 (from soundfile)
#9 15.31   Downloading cffi-2.0.0-cp310-cp310-manylinux2014_x86_64.manylinux_2_17_x86_64.whl.metadata (2.6 kB)
#9 15.36 Collecting audioread>=2.1.9 (from librosa)
#9 15.41   Downloading audioread-3.1.0-py3-none-any.whl.metadata (9.0 kB)
#9 15.62 Collecting numba>=0.51.0 (from librosa)
#9 15.66   Downloading numba-0.64.0-cp310-cp310-manylinux2014_x86_64.manylinux_2_17_x86_64.whl.metadata (2.9 kB)
#9 15.97 Collecting scipy>=1.6.0 (from librosa)
#9 16.02   Downloading scipy-1.15.3-cp310-cp310-manylinux_2_17_x86_64.manylinux2014_x86_64.whl.metadata (61 kB)
#9 16.32 Collecting scikit-learn>=1.1.0 (from librosa)
#9 16.37   Downloading scikit_learn-1.7.2-cp310-cp310-manylinux2014_x86_64.manylinux_2_17_x86_64.whl.metadata (11 kB)
#9 16.45 Collecting joblib>=1.0 (from librosa)
#9 16.49   Downloading joblib-1.5.3-py3-none-any.whl.metadata (5.5 kB)
#9 16.54 Collecting decorator>=4.3.0 (from librosa)
#9 16.59   Downloading decorator-5.2.1-py3-none-any.whl.metadata (3.9 kB)
#9 16.64 Collecting pooch>=1.1 (from librosa)
#9 16.69   Downloading pooch-1.9.0-py3-none-any.whl.metadata (10 kB)
#9 17.14 Collecting soxr>=0.3.2 (from librosa)
#9 17.18   Downloading soxr-1.0.0-cp310-cp310-manylinux_2_27_x86_64.manylinux_2_28_x86_64.whl.metadata (5.6 kB)
#9 17.24 Collecting lazy_loader>=0.1 (from librosa)
#9 17.29   Downloading lazy_loader-0.5-py3-none-any.whl.metadata (5.9 kB)
#9 17.57 Collecting msgpack>=1.0 (from librosa)
#9 17.62   Downloading msgpack-1.1.2-cp310-cp310-manylinux2014_x86_64.manylinux_2_17_x86_64.manylinux_2_28_x86_64.whl.metadata (8.1 kB)
#9 17.68 Collecting absl-py>=0.4 (from tensorboard)
#9 17.72   Downloading absl_py-2.4.0-py3-none-any.whl.metadata (3.3 kB)
#9 18.77 Collecting grpcio>=1.48.2 (from tensorboard)
#9 18.81   Downloading grpcio-1.78.0-cp310-cp310-manylinux2014_x86_64.manylinux_2_17_x86_64.whl.metadata (3.8 kB)
#9 18.87 Collecting markdown>=2.6.8 (from tensorboard)
#9 18.91   Downloading markdown-3.10.2-py3-none-any.whl.metadata (5.1 kB)
#9 18.98 Collecting packaging (from tensorboard)
#9 19.03   Downloading packaging-26.0-py3-none-any.whl.metadata (3.3 kB)
#9 19.36 Collecting pillow (from tensorboard)
#9 19.41   Downloading pillow-12.1.1-cp310-cp310-manylinux_2_27_x86_64.manylinux_2_28_x86_64.whl.metadata (8.8 kB)
#9 19.86 Collecting protobuf!=4.24.0,>=3.19.6 (from tensorboard)
#9 19.90   Downloading protobuf-7.34.1-cp310-abi3-manylinux2014_x86_64.whl.metadata (595 bytes)
#9 19.91 Requirement already satisfied: setuptools>=41.0.0 in /usr/local/lib/python3.10/site-packages (from tensorboard) (79.0.1)
#9 19.96 Collecting tensorboard-data-server<0.8.0,>=0.7.0 (from tensorboard)
#9 20.01   Downloading tensorboard_data_server-0.7.2-py3-none-manylinux_2_31_x86_64.whl.metadata (1.1 kB)
#9 20.07 Collecting werkzeug>=1.0.1 (from tensorboard)
#9 20.11   Downloading werkzeug-3.1.7-py3-none-any.whl.metadata (4.0 kB)
#9 20.21 Collecting ml_dtypes>=0.5.0 (from onnx)
#9 20.26   Downloading ml_dtypes-0.5.4-cp310-cp310-manylinux_2_27_x86_64.manylinux_2_28_x86_64.whl.metadata (8.9 kB)
#9 20.32 Collecting coloredlogs (from onnxruntime)
#9 20.37   Downloading coloredlogs-15.0.1-py2.py3-none-any.whl.metadata (12 kB)
#9 20.42 Collecting flatbuffers (from onnxruntime)
#9 20.47   Downloading flatbuffers-25.12.19-py2.py3-none-any.whl.metadata (1.0 kB)
#9 20.54 Collecting sympy (from onnxruntime)
#9 20.58   Downloading sympy-1.14.0-py3-none-any.whl.metadata (12 kB)
#9 20.85 Collecting onnx_ir<2,>=0.1.15 (from onnxscript)
#9 20.89   Downloading onnx_ir-0.2.0-py3-none-any.whl.metadata (3.3 kB)
#9 20.98 Collecting filelock (from torch)
#9 21.02   Downloading filelock-3.25.2-py3-none-any.whl.metadata (2.0 kB)
#9 21.08 Collecting networkx>=2.5.1 (from torch)
#9 21.13   Downloading networkx-3.4.2-py3-none-any.whl.metadata (6.3 kB)
#9 21.20 Collecting jinja2 (from torch)
#9 21.24   Downloading jinja2-3.1.6-py3-none-any.whl.metadata (2.9 kB)
#9 21.31 Collecting fsspec>=0.8.5 (from torch)
#9 21.35   Downloading fsspec-2026.2.0-py3-none-any.whl.metadata (10 kB)
#9 21.43 Collecting cuda-toolkit==13.0.2 (from cuda-toolkit[cublas,cudart,cufft,cufile,cupti,curand,cusolver,cusparse,nvjitlink,nvrtc,nvtx]==13.0.2; platform_system == "Linux"->torch)
#9 21.48   Downloading cuda_toolkit-13.0.2-py2.py3-none-any.whl.metadata (9.4 kB)
#9 21.57 Collecting cuda-bindings<14,>=13.0.3 (from torch)
#9 21.61   Downloading cuda_bindings-13.2.0-cp310-cp310-manylinux_2_24_x86_64.manylinux_2_28_x86_64.whl.metadata (2.3 kB)
#9 21.67 Collecting nvidia-cudnn-cu13==9.19.0.56 (from torch)
#9 21.71   Downloading nvidia_cudnn_cu13-9.19.0.56-py3-none-manylinux_2_27_x86_64.whl.metadata (1.9 kB)
#9 21.75 Collecting nvidia-cusparselt-cu13==0.8.0 (from torch)
#9 21.80   Downloading nvidia_cusparselt_cu13-0.8.0-py3-none-manylinux2014_x86_64.whl.metadata (12 kB)
#9 21.85 Collecting nvidia-nccl-cu13==2.28.9 (from torch)
#9 21.89   Downloading nvidia_nccl_cu13-2.28.9-py3-none-manylinux_2_18_x86_64.whl.metadata (2.0 kB)
#9 21.94 Collecting nvidia-nvshmem-cu13==3.4.5 (from torch)
#9 21.99   Downloading nvidia_nvshmem_cu13-3.4.5-py3-none-manylinux2014_x86_64.manylinux_2_17_x86_64.whl.metadata (2.1 kB)
#9 22.05 Collecting triton==3.6.0 (from torch)
#9 22.09   Downloading triton-3.6.0-cp310-cp310-manylinux_2_27_x86_64.manylinux_2_28_x86_64.whl.metadata (1.7 kB)
#9 22.15 Collecting nvidia-cufile==1.15.1.6.* (from cuda-toolkit[cublas,cudart,cufft,cufile,cupti,curand,cusolver,cusparse,nvjitlink,nvrtc,nvtx]==13.0.2; platform_system == "Linux"->torch)
#9 22.20   Downloading nvidia_cufile-1.15.1.6-py3-none-manylinux2014_x86_64.manylinux_2_17_x86_64.whl.metadata (1.7 kB)
#9 22.25 Collecting nvidia-cuda-cupti==13.0.85.* (from cuda-toolkit[cublas,cudart,cufft,cufile,cupti,curand,cusolver,cusparse,nvjitlink,nvrtc,nvtx]==13.0.2; platform_system == "Linux"->torch)
#9 22.29   Downloading nvidia_cuda_cupti-13.0.85-py3-none-manylinux_2_25_x86_64.whl.metadata (1.7 kB)
#9 22.34 Collecting nvidia-nvtx==13.0.85.* (from cuda-toolkit[cublas,cudart,cufft,cufile,cupti,curand,cusolver,cusparse,nvjitlink,nvrtc,nvtx]==13.0.2; platform_system == "Linux"->torch)
#9 22.39   Downloading nvidia_nvtx-13.0.85-py3-none-manylinux1_x86_64.manylinux_2_5_x86_64.whl.metadata (1.8 kB)
#9 22.44 Collecting nvidia-cublas==13.1.0.3.* (from cuda-toolkit[cublas,cudart,cufft,cufile,cupti,curand,cusolver,cusparse,nvjitlink,nvrtc,nvtx]==13.0.2; platform_system == "Linux"->torch)
#9 22.49   Downloading nvidia_cublas-13.1.0.3-py3-none-manylinux_2_27_x86_64.whl.metadata (1.7 kB)
#9 22.54 Collecting nvidia-cufft==12.0.0.61.* (from cuda-toolkit[cublas,cudart,cufft,cufile,cupti,curand,cusolver,cusparse,nvjitlink,nvrtc,nvtx]==13.0.2; platform_system == "Linux"->torch)
#9 22.59   Downloading nvidia_cufft-12.0.0.61-py3-none-manylinux2014_x86_64.manylinux_2_17_x86_64.whl.metadata (1.8 kB)
#9 22.64 Collecting nvidia-cusolver==12.0.4.66.* (from cuda-toolkit[cublas,cudart,cufft,cufile,cupti,curand,cusolver,cusparse,nvjitlink,nvrtc,nvtx]==13.0.2; platform_system == "Linux"->torch)
#9 22.68   Downloading nvidia_cusolver-12.0.4.66-py3-none-manylinux_2_27_x86_64.whl.metadata (1.8 kB)
#9 22.74 Collecting nvidia-cuda-runtime==13.0.96.* (from cuda-toolkit[cublas,cudart,cufft,cufile,cupti,curand,cusolver,cusparse,nvjitlink,nvrtc,nvtx]==13.0.2; platform_system == "Linux"->torch)
#9 22.78   Downloading nvidia_cuda_runtime-13.0.96-py3-none-manylinux2014_x86_64.manylinux_2_17_x86_64.whl.metadata (1.7 kB)
#9 22.84 Collecting nvidia-cusparse==12.6.3.3.* (from cuda-toolkit[cublas,cudart,cufft,cufile,cupti,curand,cusolver,cusparse,nvjitlink,nvrtc,nvtx]==13.0.2; platform_system == "Linux"->torch)
#9 22.88   Downloading nvidia_cusparse-12.6.3.3-py3-none-manylinux2014_x86_64.manylinux_2_17_x86_64.whl.metadata (1.8 kB)
#9 22.94 Collecting nvidia-nvjitlink==13.0.88.* (from cuda-toolkit[cublas,cudart,cufft,cufile,cupti,curand,cusolver,cusparse,nvjitlink,nvrtc,nvtx]==13.0.2; platform_system == "Linux"->torch)
#9 22.98   Downloading nvidia_nvjitlink-13.0.88-py3-none-manylinux2010_x86_64.manylinux_2_12_x86_64.whl.metadata (1.7 kB)
#9 23.03 Collecting nvidia-curand==10.4.0.35.* (from cuda-toolkit[cublas,cudart,cufft,cufile,cupti,curand,cusolver,cusparse,nvjitlink,nvrtc,nvtx]==13.0.2; platform_system == "Linux"->torch)
#9 23.07   Downloading nvidia_curand-10.4.0.35-py3-none-manylinux_2_27_x86_64.whl.metadata (1.7 kB)
#9 23.12 Collecting nvidia-cuda-nvrtc==13.0.88.* (from cuda-toolkit[cublas,cudart,cufft,cufile,cupti,curand,cusolver,cusparse,nvjitlink,nvrtc,nvtx]==13.0.2; platform_system == "Linux"->torch)
#9 23.17   Downloading nvidia_cuda_nvrtc-13.0.88-py3-none-manylinux2010_x86_64.manylinux_2_12_x86_64.whl.metadata (1.7 kB)
#9 23.23 Collecting cuda-pathfinder~=1.1 (from cuda-bindings<14,>=13.0.3->torch)
#9 23.27   Downloading cuda_pathfinder-1.5.0-py3-none-any.whl.metadata (1.9 kB)
#9 23.35 Collecting pycparser (from cffi>=1.0->soundfile)
#9 23.40   Downloading pycparser-3.0-py3-none-any.whl.metadata (8.2 kB)
#9 23.70 Collecting llvmlite<0.47,>=0.46.0dev0 (from numba>=0.51.0->librosa)
#9 23.75   Downloading llvmlite-0.46.0-cp310-cp310-manylinux2014_x86_64.manylinux_2_17_x86_64.whl.metadata (5.0 kB)
#9 23.82 Collecting platformdirs>=2.5.0 (from pooch>=1.1->librosa)
#9 23.87   Downloading platformdirs-4.9.4-py3-none-any.whl.metadata (4.7 kB)
#9 23.94 Collecting requests>=2.19.0 (from pooch>=1.1->librosa)
#9 23.99   Downloading requests-2.32.5-py3-none-any.whl.metadata (4.9 kB)
#9 24.05 Collecting annotated-types>=0.6.0 (from pydantic>=2.9.0->fastapi)
#9 24.09   Downloading annotated_types-0.7.0-py3-none-any.whl.metadata (15 kB)
#9 25.88 Collecting pydantic-core==2.41.5 (from pydantic>=2.9.0->fastapi)
#9 25.92   Downloading pydantic_core-2.41.5-cp310-cp310-manylinux_2_17_x86_64.manylinux2014_x86_64.whl.metadata (7.3 kB)
#9 26.24 Collecting charset_normalizer<4,>=2 (from requests>=2.19.0->pooch>=1.1->librosa)
#9 26.29   Downloading charset_normalizer-3.4.6-cp310-cp310-manylinux2014_x86_64.manylinux_2_17_x86_64.manylinux_2_28_x86_64.whl.metadata (40 kB)
#9 26.35 Collecting idna<4,>=2.5 (from requests>=2.19.0->pooch>=1.1->librosa)
#9 26.39   Downloading idna-3.11-py3-none-any.whl.metadata (8.4 kB)
#9 26.46 Collecting urllib3<3,>=1.21.1 (from requests>=2.19.0->pooch>=1.1->librosa)
#9 26.51   Downloading urllib3-2.6.3-py3-none-any.whl.metadata (6.9 kB)
#9 26.57 Collecting certifi>=2017.4.17 (from requests>=2.19.0->pooch>=1.1->librosa)
#9 26.62   Downloading certifi-2026.2.25-py3-none-any.whl.metadata (2.5 kB)
#9 26.68 Collecting threadpoolctl>=3.1.0 (from scikit-learn>=1.1.0->librosa)
#9 26.73   Downloading threadpoolctl-3.6.0-py3-none-any.whl.metadata (13 kB)
#9 26.80 Collecting anyio<5,>=3.6.2 (from starlette>=0.46.0->fastapi)
#9 26.98   Downloading anyio-4.13.0-py3-none-any.whl.metadata (4.5 kB)
#9 27.03 Collecting exceptiongroup>=1.0.2 (from anyio<5,>=3.6.2->starlette>=0.46.0->fastapi)
#9 27.08   Downloading exceptiongroup-1.3.1-py3-none-any.whl.metadata (6.7 kB)
#9 27.15 Collecting mpmath<1.4,>=1.1.0 (from sympy->onnxruntime)
#9 27.20   Downloading mpmath-1.3.0-py3-none-any.whl.metadata (8.6 kB)
#9 27.30 Collecting markupsafe>=2.1.1 (from werkzeug>=1.0.1->tensorboard)
#9 27.35   Downloading markupsafe-3.0.3-cp310-cp310-manylinux2014_x86_64.manylinux_2_17_x86_64.manylinux_2_28_x86_64.whl.metadata (2.7 kB)
#9 27.42 Collecting humanfriendly>=9.1 (from coloredlogs->onnxruntime)
#9 27.46   Downloading humanfriendly-10.0-py2.py3-none-any.whl.metadata (9.2 kB)
#9 27.51 Downloading fastapi-0.135.2-py3-none-any.whl (117 kB)
#9 27.79 Downloading uvicorn-0.42.0-py3-none-any.whl (68 kB)
#9 27.83 Downloading numpy-2.2.6-cp310-cp310-manylinux_2_17_x86_64.manylinux2014_x86_64.whl (16.8 MB)
#9 30.58    ━━━━━━━━━━━━━━━━━━━━━━━━━━━━━━━━━━━━━━━━ 16.8/16.8 MB 6.4 MB/s  0:00:02
#9 30.62 Downloading pyyaml-6.0.3-cp310-cp310-manylinux2014_x86_64.manylinux_2_17_x86_64.manylinux_2_28_x86_64.whl (770 kB)
#9 30.73    ━━━━━━━━━━━━━━━━━━━━━━━━━━━━━━━━━━━━━━━━ 770.3/770.3 kB 7.3 MB/s  0:00:00
#9 30.78 Downloading soundfile-0.13.1-py2.py3-none-manylinux_2_28_x86_64.whl (1.3 MB)
#9 30.94    ━━━━━━━━━━━━━━━━━━━━━━━━━━━━━━━━━━━━━━━━ 1.3/1.3 MB 8.6 MB/s  0:00:00
#9 30.99 Downloading librosa-0.11.0-py3-none-any.whl (260 kB)
#9 31.06 Downloading tqdm-4.67.3-py3-none-any.whl (78 kB)
#9 31.11 Downloading tensorboard-2.20.0-py3-none-any.whl (5.5 MB)
#9 31.72    ━━━━━━━━━━━━━━━━━━━━━━━━━━━━━━━━━━━━━━━━ 5.5/5.5 MB 9.1 MB/s  0:00:00
#9 31.76 Downloading tensorboard_data_server-0.7.2-py3-none-manylinux_2_31_x86_64.whl (6.6 MB)
#9 32.47    ━━━━━━━━━━━━━━━━━━━━━━━━━━━━━━━━━━━━━━━━ 6.6/6.6 MB 9.4 MB/s  0:00:00
#9 32.52 Downloading onnx-1.20.1-cp310-cp310-manylinux_2_27_x86_64.manylinux_2_28_x86_64.whl (17.5 MB)
#9 34.36    ━━━━━━━━━━━━━━━━━━━━━━━━━━━━━━━━━━━━━━━━ 17.5/17.5 MB 9.5 MB/s  0:00:01
#9 34.41 Downloading onnxruntime-1.23.2-cp310-cp310-manylinux_2_27_x86_64.manylinux_2_28_x86_64.whl (17.4 MB)
#9 35.96    ━━━━━━━━━━━━━━━━━━━━━━━━━━━━━━━━━━━━━━━━ 17.4/17.4 MB 11.2 MB/s  0:00:01
#9 36.01 Downloading onnxscript-0.6.2-py3-none-any.whl (689 kB)
#9 36.07    ━━━━━━━━━━━━━━━━━━━━━━━━━━━━━━━━━━━━━━━━ 689.1/689.1 kB 12.1 MB/s  0:00:00
#9 36.12 Downloading onnx_ir-0.2.0-py3-none-any.whl (164 kB)
#9 36.17 Downloading torch-2.11.0-cp310-cp310-manylinux_2_28_x86_64.whl (530.6 MB)
#9 83.53    ━━━━━━━━━━━━━━━━━━━━━━━━━━━━━━━━━━━━━━━━ 530.6/530.6 MB 11.2 MB/s  0:00:47
#9 83.57 Downloading cuda_toolkit-13.0.2-py2.py3-none-any.whl (2.4 kB)
#9 83.62 Downloading nvidia_cudnn_cu13-9.19.0.56-py3-none-manylinux_2_27_x86_64.whl (366.1 MB)
#9 116.0    ━━━━━━━━━━━━━━━━━━━━━━━━━━━━━━━━━━━━━━━━ 366.1/366.1 MB 11.3 MB/s  0:00:32
#9 116.0 Downloading nvidia_cusparselt_cu13-0.8.0-py3-none-manylinux2014_x86_64.whl (169.9 MB)
#9 131.0    ━━━━━━━━━━━━━━━━━━━━━━━━━━━━━━━━━━━━━━━━ 169.9/169.9 MB 11.3 MB/s  0:00:14
#9 131.0 Downloading nvidia_nccl_cu13-2.28.9-py3-none-manylinux_2_18_x86_64.whl (196.5 MB)
#9 148.4    ━━━━━━━━━━━━━━━━━━━━━━━━━━━━━━━━━━━━━━━━ 196.5/196.5 MB 11.3 MB/s  0:00:17
#9 148.5 Downloading nvidia_nvshmem_cu13-3.4.5-py3-none-manylinux2014_x86_64.manylinux_2_17_x86_64.whl (60.4 MB)
#9 153.8    ━━━━━━━━━━━━━━━━━━━━━━━━━━━━━━━━━━━━━━━━ 60.4/60.4 MB 11.4 MB/s  0:00:05
#9 153.9 Downloading triton-3.6.0-cp310-cp310-manylinux_2_27_x86_64.manylinux_2_28_x86_64.whl (188.1 MB)
#9 170.4    ━━━━━━━━━━━━━━━━━━━━━━━━━━━━━━━━━━━━━━━━ 188.1/188.1 MB 11.4 MB/s  0:00:16
#9 170.4 Downloading cuda_bindings-13.2.0-cp310-cp310-manylinux_2_24_x86_64.manylinux_2_28_x86_64.whl (6.3 MB)
#9 171.0    ━━━━━━━━━━━━━━━━━━━━━━━━━━━━━━━━━━━━━━━━ 6.3/6.3 MB 11.7 MB/s  0:00:00
#9 171.0 Downloading cuda_pathfinder-1.5.0-py3-none-any.whl (49 kB)
#9 171.1 Downloading nvidia_cublas-13.1.0.3-py3-none-manylinux_2_27_x86_64.whl (423.1 MB)
#9 208.5    ━━━━━━━━━━━━━━━━━━━━━━━━━━━━━━━━━━━━━━━━ 423.1/423.1 MB 11.3 MB/s  0:00:37
#9 208.5 Downloading nvidia_cuda_cupti-13.0.85-py3-none-manylinux_2_25_x86_64.whl (10.7 MB)
#9 209.4    ━━━━━━━━━━━━━━━━━━━━━━━━━━━━━━━━━━━━━━━━ 10.7/10.7 MB 11.7 MB/s  0:00:00
#9 209.5 Downloading nvidia_cuda_nvrtc-13.0.88-py3-none-manylinux2010_x86_64.manylinux_2_12_x86_64.whl (90.2 MB)
#9 217.4    ━━━━━━━━━━━━━━━━━━━━━━━━━━━━━━━━━━━━━━━━ 90.2/90.2 MB 11.4 MB/s  0:00:07
#9 217.4 Downloading nvidia_cuda_runtime-13.0.96-py3-none-manylinux2014_x86_64.manylinux_2_17_x86_64.whl (2.2 MB)
#9 217.6    ━━━━━━━━━━━━━━━━━━━━━━━━━━━━━━━━━━━━━━━━ 2.2/2.2 MB 11.8 MB/s  0:00:00
#9 217.7 Downloading nvidia_cufft-12.0.0.61-py3-none-manylinux2014_x86_64.manylinux_2_17_x86_64.whl (214.1 MB)
#9 236.5    ━━━━━━━━━━━━━━━━━━━━━━━━━━━━━━━━━━━━━━━━ 214.1/214.1 MB 11.4 MB/s  0:00:18
#9 236.6 Downloading nvidia_cufile-1.15.1.6-py3-none-manylinux2014_x86_64.manylinux_2_17_x86_64.whl (1.2 MB)
#9 236.7    ━━━━━━━━━━━━━━━━━━━━━━━━━━━━━━━━━━━━━━━━ 1.2/1.2 MB 12.1 MB/s  0:00:00
#9 236.7 Downloading nvidia_curand-10.4.0.35-py3-none-manylinux_2_27_x86_64.whl (59.5 MB)
#9 242.0    ━━━━━━━━━━━━━━━━━━━━━━━━━━━━━━━━━━━━━━━━ 59.5/59.5 MB 11.3 MB/s  0:00:05
#9 242.0 Downloading nvidia_cusolver-12.0.4.66-py3-none-manylinux_2_27_x86_64.whl (200.9 MB)
#9 259.7    ━━━━━━━━━━━━━━━━━━━━━━━━━━━━━━━━━━━━━━━━ 200.9/200.9 MB 11.4 MB/s  0:00:17
#9 259.7 Downloading nvidia_cusparse-12.6.3.3-py3-none-manylinux2014_x86_64.manylinux_2_17_x86_64.whl (145.9 MB)
#9 272.5    ━━━━━━━━━━━━━━━━━━━━━━━━━━━━━━━━━━━━━━━━ 145.9/145.9 MB 11.4 MB/s  0:00:12
#9 272.5 Downloading nvidia_nvjitlink-13.0.88-py3-none-manylinux2010_x86_64.manylinux_2_12_x86_64.whl (40.7 MB)
#9 276.2    ━━━━━━━━━━━━━━━━━━━━━━━━━━━━━━━━━━━━━━━━ 40.7/40.7 MB 11.2 MB/s  0:00:03
#9 276.2 Downloading nvidia_nvtx-13.0.85-py3-none-manylinux1_x86_64.manylinux_2_5_x86_64.whl (148 kB)
#9 276.3 Downloading torchaudio-2.11.0-cp310-cp310-manylinux_2_28_x86_64.whl (1.8 MB)
#9 276.4    ━━━━━━━━━━━━━━━━━━━━━━━━━━━━━━━━━━━━━━━━ 1.8/1.8 MB 11.9 MB/s  0:00:00
#9 276.5 Downloading torchcodec-0.11.0-cp310-cp310-manylinux_2_28_x86_64.whl (2.5 MB)
#9 276.7    ━━━━━━━━━━━━━━━━━━━━━━━━━━━━━━━━━━━━━━━━ 2.5/2.5 MB 11.7 MB/s  0:00:00
#9 276.7 Downloading absl_py-2.4.0-py3-none-any.whl (135 kB)
#9 276.8 Downloading annotated_doc-0.0.4-py3-none-any.whl (5.3 kB)
#9 276.8 Downloading audioread-3.1.0-py3-none-any.whl (23 kB)
#9 276.9 Downloading cffi-2.0.0-cp310-cp310-manylinux2014_x86_64.manylinux_2_17_x86_64.whl (216 kB)
#9 276.9 Downloading click-8.3.1-py3-none-any.whl (108 kB)
#9 277.0 Downloading decorator-5.2.1-py3-none-any.whl (9.2 kB)
#9 277.0 Downloading fsspec-2026.2.0-py3-none-any.whl (202 kB)
#9 277.1 Downloading grpcio-1.78.0-cp310-cp310-manylinux2014_x86_64.manylinux_2_17_x86_64.whl (6.7 MB)
#9 277.7    ━━━━━━━━━━━━━━━━━━━━━━━━━━━━━━━━━━━━━━━━ 6.7/6.7 MB 11.5 MB/s  0:00:00
#9 277.7 Downloading typing_extensions-4.15.0-py3-none-any.whl (44 kB)
#9 277.8 Downloading h11-0.16.0-py3-none-any.whl (37 kB)
#9 277.8 Downloading joblib-1.5.3-py3-none-any.whl (309 kB)
#9 277.9 Downloading lazy_loader-0.5-py3-none-any.whl (8.0 kB)
#9 277.9 Downloading markdown-3.10.2-py3-none-any.whl (108 kB)
#9 278.0 Downloading ml_dtypes-0.5.4-cp310-cp310-manylinux_2_27_x86_64.manylinux_2_28_x86_64.whl (5.0 MB)
#9 278.4    ━━━━━━━━━━━━━━━━━━━━━━━━━━━━━━━━━━━━━━━━ 5.0/5.0 MB 11.5 MB/s  0:00:00
#9 278.5 Downloading msgpack-1.1.2-cp310-cp310-manylinux2014_x86_64.manylinux_2_17_x86_64.manylinux_2_28_x86_64.whl (406 kB)
#9 278.5 Downloading networkx-3.4.2-py3-none-any.whl (1.7 MB)
#9 278.7    ━━━━━━━━━━━━━━━━━━━━━━━━━━━━━━━━━━━━━━━━ 1.7/1.7 MB 11.7 MB/s  0:00:00
#9 278.7 Downloading numba-0.64.0-cp310-cp310-manylinux2014_x86_64.manylinux_2_17_x86_64.whl (3.7 MB)
#9 279.1    ━━━━━━━━━━━━━━━━━━━━━━━━━━━━━━━━━━━━━━━━ 3.7/3.7 MB 11.5 MB/s  0:00:00
#9 279.1 Downloading llvmlite-0.46.0-cp310-cp310-manylinux2014_x86_64.manylinux_2_17_x86_64.whl (56.3 MB)
#9 284.1    ━━━━━━━━━━━━━━━━━━━━━━━━━━━━━━━━━━━━━━━━ 56.3/56.3 MB 11.3 MB/s  0:00:04
#9 284.1 Downloading pooch-1.9.0-py3-none-any.whl (67 kB)
#9 284.2 Downloading packaging-26.0-py3-none-any.whl (74 kB)
#9 284.2 Downloading platformdirs-4.9.4-py3-none-any.whl (21 kB)
#9 284.3 Downloading protobuf-7.34.1-cp310-abi3-manylinux2014_x86_64.whl (324 kB)
#9 284.3 Downloading pydantic-2.12.5-py3-none-any.whl (463 kB)
#9 284.4 Downloading pydantic_core-2.41.5-cp310-cp310-manylinux_2_17_x86_64.manylinux2014_x86_64.whl (2.1 MB)
#9 284.6    ━━━━━━━━━━━━━━━━━━━━━━━━━━━━━━━━━━━━━━━━ 2.1/2.1 MB 11.5 MB/s  0:00:00
#9 284.6 Downloading annotated_types-0.7.0-py3-none-any.whl (13 kB)
#9 284.7 Downloading requests-2.32.5-py3-none-any.whl (64 kB)
#9 284.7 Downloading charset_normalizer-3.4.6-cp310-cp310-manylinux2014_x86_64.manylinux_2_17_x86_64.manylinux_2_28_x86_64.whl (207 kB)
#9 284.8 Downloading idna-3.11-py3-none-any.whl (71 kB)
#9 284.8 Downloading urllib3-2.6.3-py3-none-any.whl (131 kB)
#9 284.9 Downloading certifi-2026.2.25-py3-none-any.whl (153 kB)
#9 284.9 Downloading scikit_learn-1.7.2-cp310-cp310-manylinux2014_x86_64.manylinux_2_17_x86_64.whl (9.7 MB)
#9 285.8    ━━━━━━━━━━━━━━━━━━━━━━━━━━━━━━━━━━━━━━━━ 9.7/9.7 MB 11.6 MB/s  0:00:00
#9 285.8 Downloading scipy-1.15.3-cp310-cp310-manylinux_2_17_x86_64.manylinux2014_x86_64.whl (37.7 MB)
#9 289.2    ━━━━━━━━━━━━━━━━━━━━━━━━━━━━━━━━━━━━━━━━ 37.7/37.7 MB 11.1 MB/s  0:00:03
#9 289.3 Downloading soxr-1.0.0-cp310-cp310-manylinux_2_27_x86_64.manylinux_2_28_x86_64.whl (242 kB)
#9 289.3 Downloading starlette-1.0.0-py3-none-any.whl (72 kB)
#9 289.4 Downloading anyio-4.13.0-py3-none-any.whl (114 kB)
#9 289.4 Downloading exceptiongroup-1.3.1-py3-none-any.whl (16 kB)
#9 289.5 Downloading sympy-1.14.0-py3-none-any.whl (6.3 MB)
#9 290.0    ━━━━━━━━━━━━━━━━━━━━━━━━━━━━━━━━━━━━━━━━ 6.3/6.3 MB 11.7 MB/s  0:00:00
#9 290.1 Downloading mpmath-1.3.0-py3-none-any.whl (536 kB)
#9 290.1    ━━━━━━━━━━━━━━━━━━━━━━━━━━━━━━━━━━━━━━━━ 536.2/536.2 kB 11.5 MB/s  0:00:00
#9 290.2 Downloading threadpoolctl-3.6.0-py3-none-any.whl (18 kB)
#9 290.2 Downloading typing_inspection-0.4.2-py3-none-any.whl (14 kB)
#9 290.3 Downloading werkzeug-3.1.7-py3-none-any.whl (226 kB)
#9 290.3 Downloading markupsafe-3.0.3-cp310-cp310-manylinux2014_x86_64.manylinux_2_17_x86_64.manylinux_2_28_x86_64.whl (20 kB)
#9 290.4 Downloading coloredlogs-15.0.1-py2.py3-none-any.whl (46 kB)
#9 290.4 Downloading humanfriendly-10.0-py2.py3-none-any.whl (86 kB)
#9 290.5 Downloading filelock-3.25.2-py3-none-any.whl (26 kB)
#9 290.5 Downloading flatbuffers-25.12.19-py2.py3-none-any.whl (26 kB)
#9 290.5 Downloading jinja2-3.1.6-py3-none-any.whl (134 kB)
#9 290.6 Downloading pillow-12.1.1-cp310-cp310-manylinux_2_27_x86_64.manylinux_2_28_x86_64.whl (7.0 MB)
#9 291.2    ━━━━━━━━━━━━━━━━━━━━━━━━━━━━━━━━━━━━━━━━ 7.0/7.0 MB 11.6 MB/s  0:00:00
#9 291.2 Downloading pycparser-3.0-py3-none-any.whl (48 kB)
#9 294.9 Installing collected packages: torchaudio, nvidia-cusparselt-cu13, mpmath, flatbuffers, cuda-toolkit, urllib3, typing-extensions, triton, tqdm, torchcodec, threadpoolctl, tensorboard-data-server, sympy, pyyaml, pycparser, protobuf, platformdirs, pillow, packaging, nvidia-nvtx, nvidia-nvshmem-cu13, nvidia-nvjitlink, nvidia-nccl-cu13, nvidia-curand, nvidia-cufile, nvidia-cuda-runtime, nvidia-cuda-nvrtc, nvidia-cuda-cupti, nvidia-cublas, numpy, networkx, msgpack, markupsafe, markdown, llvmlite, joblib, idna, humanfriendly, h11, fsspec, filelock, decorator, cuda-pathfinder, click, charset_normalizer, certifi, audioread, annotated-types, annotated-doc, absl-py, werkzeug, uvicorn, typing-inspection, soxr, scipy, requests, pydantic-core, nvidia-cusparse, nvidia-cufft, nvidia-cudnn-cu13, numba, ml_dtypes, lazy_loader, jinja2, grpcio, exceptiongroup, cuda-bindings, coloredlogs, cffi, tensorboard, soundfile, scikit-learn, pydantic, pooch, onnxruntime, onnx, nvidia-cusolver, anyio, starlette, onnx_ir, librosa, torch, onnxscript, fastapi
#9 398.8 
#9 398.8 Successfully installed absl-py-2.4.0 annotated-doc-0.0.4 annotated-types-0.7.0 anyio-4.13.0 audioread-3.1.0 certifi-2026.2.25 cffi-2.0.0 charset_normalizer-3.4.6 click-8.3.1 coloredlogs-15.0.1 cuda-bindings-13.2.0 cuda-pathfinder-1.5.0 cuda-toolkit-13.0.2 decorator-5.2.1 exceptiongroup-1.3.1 fastapi-0.135.2 filelock-3.25.2 flatbuffers-25.12.19 fsspec-2026.2.0 grpcio-1.78.0 h11-0.16.0 humanfriendly-10.0 idna-3.11 jinja2-3.1.6 joblib-1.5.3 lazy_loader-0.5 librosa-0.11.0 llvmlite-0.46.0 markdown-3.10.2 markupsafe-3.0.3 ml_dtypes-0.5.4 mpmath-1.3.0 msgpack-1.1.2 networkx-3.4.2 numba-0.64.0 numpy-2.2.6 nvidia-cublas-13.1.0.3 nvidia-cuda-cupti-13.0.85 nvidia-cuda-nvrtc-13.0.88 nvidia-cuda-runtime-13.0.96 nvidia-cudnn-cu13-9.19.0.56 nvidia-cufft-12.0.0.61 nvidia-cufile-1.15.1.6 nvidia-curand-10.4.0.35 nvidia-cusolver-12.0.4.66 nvidia-cusparse-12.6.3.3 nvidia-cusparselt-cu13-0.8.0 nvidia-nccl-cu13-2.28.9 nvidia-nvjitlink-13.0.88 nvidia-nvshmem-cu13-3.4.5 nvidia-nvtx-13.0.85 onnx-1.20.1 onnx_ir-0.2.0 onnxruntime-1.23.2 onnxscript-0.6.2 packaging-26.0 pillow-12.1.1 platformdirs-4.9.4 pooch-1.9.0 protobuf-7.34.1 pycparser-3.0 pydantic-2.12.5 pydantic-core-2.41.5 pyyaml-6.0.3 requests-2.32.5 scikit-learn-1.7.2 scipy-1.15.3 soundfile-0.13.1 soxr-1.0.0 starlette-1.0.0 sympy-1.14.0 tensorboard-2.20.0 tensorboard-data-server-0.7.2 threadpoolctl-3.6.0 torch-2.11.0 torchaudio-2.11.0 torchcodec-0.11.0 tqdm-4.67.3 triton-3.6.0 typing-extensions-4.15.0 typing-inspection-0.4.2 urllib3-2.6.3 uvicorn-0.42.0 werkzeug-3.1.7
#9 398.8 WARNING: Running pip as the 'root' user can result in broken permissions and conflicting behaviour with the system package manager, possibly rendering your system unusable. It is recommended to use a virtual environment instead: https://pip.pypa.io/warnings/venv. Use the --root-user-action option if you know what you are doing and want to suppress this warning.
#9 DONE 420.1s

#10 [ 5/14] COPY configs /workspace/configs
#10 DONE 0.5s

#11 [ 6/14] COPY scripts /workspace/scripts
#11 DONE 0.2s

#12 [ 7/14] COPY src /workspace/src
#12 DONE 0.2s

#13 [ 8/14] COPY data /workspace/data
#13 DONE 29.3s

#14 [ 9/14] COPY results /workspace/results
#14 DONE 0.4s

#15 [10/14] COPY docs /workspace/docs
#15 DONE 0.3s

#16 [11/14] COPY README.md /workspace/README.md
#16 DONE 0.2s

#17 [12/14] COPY artifacts/experiments /workspace/artifacts/experiments
#17 DONE 1.1s

#18 [13/14] COPY artifacts/onnx /workspace/artifacts/onnx
#18 DONE 0.6s

#19 [14/14] RUN mkdir -p     /workspace/artifacts/logs     /workspace/docs/benchmarks
#19 DONE 0.6s

#20 exporting to image
#20 exporting layers
#20 exporting layers 24.2s done
#20 writing image sha256:a83846e16ab0dbe42f47bb537f74c5e1204f74d2944c665a64d41374d09981e6 done
#20 naming to docker.io/library/compose-api 0.0s done
#20 DONE 24.3s

#21 resolving provenance for metadata file
#21 DONE 0.0s
 Image compose-api Built 
 Container compose-api-1 Recreate 
 Container compose-api-1 Recreated 
 Container compose-api-1 Starting 
 Container compose-api-1 Started 
