time=2026-04-28T07:13:16.180Z level=INFO source=main.go:1678 msg="updated GOGC" old=100 new=75
time=2026-04-28T07:13:16.188Z level=INFO source=main.go:744 msg="Leaving GOMAXPROCS=32: CPU quota undefined" component=automaxprocs
time=2026-04-28T07:13:16.188Z level=INFO source=memlimit.go:198 msg="GOMEMLIMIT is updated" component=automemlimit package=github.com/KimMachineGun/automemlimit/memlimit GOMEMLIMIT=30282058137 previous=9223372036854775807
time=2026-04-28T07:13:16.188Z level=INFO source=main.go:851 msg="Starting Prometheus Server" mode=server version="(version=3.11.1, branch=HEAD, revision=1bd2f3a9fdedf52e6f613449cc4c50e86ca24676)"
time=2026-04-28T07:13:16.188Z level=INFO source=main.go:856 msg="operational information" build_context="(go=go1.26.1, platform=linux/amd64, user=root@b1d74f9af457, date=20260407-15:01:56, tags=netgo,builtinassets)" host_details="(Linux 6.12.72-linuxkit #1 SMP PREEMPT_DYNAMIC Wed Feb 25 13:22:15 UTC 2026 x86_64 abbcc23672bd (none))" fd_limits="(soft=1048576, hard=1048576)" vm_limits="(soft=unlimited, hard=unlimited)"
time=2026-04-28T07:13:16.573Z level=INFO source=web.go:710 msg="Start listening for connections" component=web address=0.0.0.0:9090
time=2026-04-28T07:13:16.632Z level=INFO source=main.go:1410 msg="Starting TSDB ..."
time=2026-04-28T07:13:16.652Z level=INFO source=tls_config.go:354 msg="Listening on" component=web address=[::]:9090
time=2026-04-28T07:13:16.659Z level=INFO source=tls_config.go:357 msg="TLS is disabled." component=web http2=false address=[::]:9090
time=2026-04-28T07:13:16.669Z level=INFO source=head.go:698 msg="Replaying on-disk memory mappable chunks if any" component=tsdb
time=2026-04-28T07:13:16.670Z level=INFO source=head.go:784 msg="On-disk memory mappable chunks replay completed" component=tsdb duration=14.008µs
time=2026-04-28T07:13:16.670Z level=INFO source=head.go:792 msg="Replaying WAL, this may take a while" component=tsdb
time=2026-04-28T07:13:16.671Z level=INFO source=head.go:865 msg="WAL segment loaded" component=tsdb segment=0 maxSegment=0 duration=1.563872ms
time=2026-04-28T07:13:16.672Z level=INFO source=head.go:902 msg="WAL replay completed" component=tsdb checkpoint_replay_duration=33.361µs wal_replay_duration=1.639183ms wbl_replay_duration=258ns chunk_snapshot_load_duration=0s mmap_chunk_replay_duration=14.008µs total_replay_duration=1.716435ms
time=2026-04-28T07:13:16.675Z level=INFO source=main.go:1431 msg="filesystem information" fs_type=EXT4_SUPER_MAGIC
time=2026-04-28T07:13:16.675Z level=INFO source=main.go:1434 msg="TSDB started"
time=2026-04-28T07:13:16.675Z level=INFO source=main.go:1632 msg="Loading configuration file" filename=/etc/prometheus/prometheus.yml
time=2026-04-28T07:13:16.677Z level=INFO source=main.go:1048 msg="TSDB retention updated" duration=15d size=0B percentage=0
time=2026-04-28T07:13:16.694Z level=INFO source=main.go:1671 msg="Completed loading of configuration file" db_storage=122.944µs remote_storage=4.747µs web_handler=1.698µs query_engine=2.219µs scrape=16.728452ms scrape_sd=132.859µs notify=4.307µs notify_sd=2.488µs rules=20.406µs tracing=110.742µs filename=/etc/prometheus/prometheus.yml totalDuration=19.07626ms
time=2026-04-28T07:13:16.694Z level=INFO source=main.go:1395 msg="Server is ready to receive web requests."
time=2026-04-28T07:13:16.694Z level=INFO source=manager.go:209 msg="Starting rule manager..." component="rule manager"
