===== date =====
2026-05-12T15:30:25+08:00

===== git pre-status =====
## main...origin/main
?? artifacts/logs/week10_artifact_provenance_20260513.log
0	0

===== dvc version =====
3.67.1

===== dvc status =====
Data and pipelines are up to date.

===== dvc repro week10_ort_evidence =====
Stage 'week10_ort_evidence' didn't change, skipping
Data and pipelines are up to date.

===== dvc metrics show =====
Path                                                   week10_ort_evidence.benchmark_mean_p50_ms    week10_ort_evidence.benchmark_mean_p95_ms    week10_ort_evidence.benchmark_ok_samples    week10_ort_evidence.benchmark_samples    week10_ort_evidence.benchmark_throughput_samples_per_sec    week10_ort_evidence.profile_numeric_field_count    week10_ort_evidence.runtime_best_mean_ms    week10_ort_evidence.runtime_best_p50_ms    week10_ort_evidence.runtime_best_p95_ms    week10_ort_evidence.runtime_best_throughput_samples_per_sec
artifacts/benchmarks/week10_ort_evidence_metrics.json  14.8277                                      15.4098                                      10                                          10                                       67.879                                                      30                                                 13.026                                      12.9175                                    13.9046                                    76.7698

===== evidence files =====
-rw-rw-r-- 1 GRT GRT  377  5月  6 10:28 artifacts/benchmarks/ort_week09.csv
-rw-rw-r-- 1 GRT GRT 1.2K  5月  7 09:53 artifacts/benchmarks/ort_week09_profile_20260507.json
-rw-rw-r-- 1 GRT GRT 2.4K  5月  6 15:54 artifacts/benchmarks/ort_week09_runtime_matrix.csv
-rw-rw-r-- 1 GRT GRT  801  5月 11 17:11 artifacts/benchmarks/week10_ort_evidence_manifest.json
-rw-rw-r-- 1 GRT GRT  426  5月 11 17:11 artifacts/benchmarks/week10_ort_evidence_metrics.json
